2026-04-14 23:04:37,632 - main - INFO - ══════════════════════════════════════════════════════════════════
2026-04-14 23:04:37,633 - main - INFO -    Ω OMEGA ARCHITECTURE — Zero-Latency Execution Engine   
2026-04-14 23:04:37,633 - main - INFO -    Phase 1: Multiprocess  │ Phase 2: Vectorised NumPy      
2026-04-14 23:04:37,633 - main - INFO -    Phase 3: OFI Tick-Tape │ Phase 4: Half-Kelly Sizing     
2026-04-14 23:04:37,633 - main - INFO -    Phase 5: Zero-Blocking DB I/O                            
2026-04-14 23:04:37,633 - main - INFO - ══════════════════════════════════════════════════════════════════
2026-04-14 23:04:37,633 - main - INFO - Verifying database schema…
2026-04-14 23:04:37,647 - main - INFO - Connecting to MT5 for symbol discovery…
2026-04-14 23:04:37,647 - mt5_client - INFO - Initializing MetaTrader5 connection...
2026-04-14 23:04:37,647 - mt5_client - INFO - Attempting to launch and log in to 'MetaQuotes-Demo' account '105579222'...
2026-04-14 23:04:37,658 - mt5_client - INFO - MetaTrader5 initialized successfully.
2026-04-14 23:04:37,703 - mt5_client - INFO - Dynamically discovered 50 tradeable symbols (Forex + CFDs).
2026-04-14 23:04:37,710 - mt5_client - INFO - Shutting down MetaTrader5...
2026-04-14 23:04:37,710 - mt5_client - INFO - MetaTrader5 shutdown complete.
2026-04-14 23:04:37,710 - main - INFO - Symbol discovery complete: 54 symbols.
2026-04-14 23:04:37,710 - main - INFO - [SHM] 'omega_ticks_28932' created — 3,456 bytes (54 symbols × 64 bytes each)
2026-04-14 23:04:37,717 - main - INFO - [PHASE 1] Starting DataFeeder process…
2026-04-14 23:04:37,724 - main - INFO - [PHASE 1] DataFeeder PID=22280 ✓
2026-04-14 23:04:37,724 - main - INFO - [PHASE 1] Waiting for DataFeeder first snapshot (timeout=45s)…
2026-04-14 23:04:39,488 - main - INFO - [PHASE 2/3] Starting AlphaEngine process…
2026-04-14 23:04:39,493 - main - INFO - [PHASE 2/3] AlphaEngine PID=32312 ✓
2026-04-14 23:04:39,493 - main - INFO - [PHASE 4/5] Starting ExecRouter process…
2026-04-14 23:04:39,498 - main - INFO - [PHASE 4/5] ExecRouter PID=13188 ✓
2026-04-14 23:04:39,498 - main - INFO - [SHADOW] Starting ShadowOptimizer process…
2026-04-14 23:04:39,506 - main - INFO - [SHADOW] ShadowOptimizer PID=4220 ✓
2026-04-14 23:04:39,506 - main - INFO - [PHASE 5] IO Queue initialized for ExecRouter DB writes.
2026-04-14 23:04:39,507 - main - INFO - ══════════════════════════════════════════════════════════════════
2026-04-14 23:04:39,507 - main - INFO - Ω  ALL OMEGA PROCESSES LIVE. Supervisor entering health monitor.
2026-04-14 23:04:39,507 - main - INFO - ══════════════════════════════════════════════════════════════════
2026-04-14 23:04:41,301 - db_writer - INFO - DB Writer daemon started.
2026-04-14 23:04:41,321 - db_writer - INFO - Last DB maintenance was: 2026-03-14T23:04:41.321657
2026-04-14 23:05:09,507 - main - INFO - [HEALTH] DataFeeder=True | AlphaEngine=True | ExecRouter=True | SignalQ=0 | IOQ=0
2026-04-14 23:05:11,319 - db_writer - INFO - DB Writer: updated PNL for 1 records.
2026-04-14 23:05:11,320 - db_writer - INFO - DB Writer: updated PNL for 10 records.
2026-04-14 23:05:11,321 - db_writer - INFO - DB Writer: updated PNL for 10 records.
2026-04-14 23:05:11,321 - db_writer - INFO - DB Writer: updated PNL for 10 records.
2026-04-14 23:05:11,321 - db_writer - INFO - DB Writer: updated PNL for 10 records.
2026-04-14 23:05:11,322 - db_writer - INFO - DB Writer: updated PNL for 10 records.
2026-04-14 23:05:13,365 - db_writer - INFO - DB Writer: updated PNL for 9 records.
2026-04-14 23:05:39,507 - main - INFO - [HEALTH] DataFeeder=True | AlphaEngine=True | ExecRouter=True | SignalQ=0 | IOQ=0
2026-04-14 23:06:09,508 - main - INFO - [HEALTH] DataFeeder=True | AlphaEngine=True | ExecRouter=True | SignalQ=0 | IOQ=0
2026-04-14 23:06:39,508 - main - INFO - [HEALTH] DataFeeder=True | AlphaEngine=True | ExecRouter=True | SignalQ=0 | IOQ=0
2026-04-14 23:07:05,486 - main - INFO - ══════════════════════════════════════════════════════════════════
2026-04-14 23:07:05,486 - main - INFO -    Ω OMEGA ARCHITECTURE — Zero-Latency Execution Engine   
2026-04-14 23:07:05,486 - main - INFO -    Phase 1: Multiprocess  │ Phase 2: Vectorised NumPy      
2026-04-14 23:07:05,486 - main - INFO -    Phase 3: OFI Tick-Tape │ Phase 4: Half-Kelly Sizing     
2026-04-14 23:07:05,486 - main - INFO -    Phase 5: Zero-Blocking DB I/O                            
2026-04-14 23:07:05,486 - main - INFO - ══════════════════════════════════════════════════════════════════
2026-04-14 23:07:05,486 - main - INFO - Verifying database schema…
2026-04-14 23:07:05,489 - main - INFO - Connecting to MT5 for symbol discovery…
2026-04-14 23:07:05,489 - mt5_client - INFO - Initializing MetaTrader5 connection...
2026-04-14 23:07:05,490 - mt5_client - INFO - Attempting to launch and log in to 'MetaQuotes-Demo' account '105579222'...
2026-04-14 23:07:05,501 - mt5_client - INFO - MetaTrader5 initialized successfully.
2026-04-14 23:07:05,547 - mt5_client - INFO - Dynamically discovered 50 tradeable symbols (Forex + CFDs).
2026-04-14 23:07:05,552 - mt5_client - INFO - Shutting down MetaTrader5...
2026-04-14 23:07:05,552 - mt5_client - INFO - MetaTrader5 shutdown complete.
2026-04-14 23:07:05,552 - main - INFO - Symbol discovery complete: 54 symbols.
2026-04-14 23:07:05,552 - main - INFO - [SHM] 'omega_ticks_2844' created — 3,456 bytes (54 symbols × 64 bytes each)
2026-04-14 23:07:05,558 - main - INFO - [PHASE 1] Starting DataFeeder process…
2026-04-14 23:07:05,564 - main - INFO - [PHASE 1] DataFeeder PID=31996 ✓
2026-04-14 23:07:05,564 - main - INFO - [PHASE 1] Waiting for DataFeeder first snapshot (timeout=45s)…
2026-04-14 23:07:07,264 - main - INFO - [PHASE 2/3] Starting AlphaEngine process…
2026-04-14 23:07:07,270 - main - INFO - [PHASE 2/3] AlphaEngine PID=11624 ✓
2026-04-14 23:07:07,270 - main - INFO - [PHASE 4/5] Starting ExecRouter process…
2026-04-14 23:07:07,278 - main - INFO - [PHASE 4/5] ExecRouter PID=10704 ✓
2026-04-14 23:07:07,278 - main - INFO - [SHADOW] Starting ShadowOptimizer process…
2026-04-14 23:07:07,285 - main - INFO - [SHADOW] ShadowOptimizer PID=3100 ✓
2026-04-14 23:07:07,285 - main - INFO - [PHASE 5] IO Queue initialized for ExecRouter DB writes.
2026-04-14 23:07:07,285 - main - INFO - ══════════════════════════════════════════════════════════════════
2026-04-14 23:07:07,285 - main - INFO - Ω  ALL OMEGA PROCESSES LIVE. Supervisor entering health monitor.
2026-04-14 23:07:07,285 - main - INFO - ══════════════════════════════════════════════════════════════════
2026-04-14 23:07:09,057 - db_writer - INFO - DB Writer daemon started.
2026-04-14 23:07:09,062 - db_writer - INFO - Last DB maintenance was: 2026-03-14T23:07:09.062219
2026-04-14 23:07:37,285 - main - INFO - [HEALTH] DataFeeder=True | AlphaEngine=True | ExecRouter=True | SignalQ=0 | IOQ=0
2026-04-14 23:07:39,072 - db_writer - INFO - DB Writer: updated PNL for 1 records.
2026-04-14 23:07:39,075 - db_writer - INFO - DB Writer: updated PNL for 10 records.
2026-04-14 23:07:39,076 - db_writer - INFO - DB Writer: updated PNL for 10 records.
2026-04-14 23:07:39,079 - db_writer - INFO - DB Writer: updated PNL for 10 records.
2026-04-14 23:07:39,081 - db_writer - INFO - DB Writer: updated PNL for 10 records.
2026-04-14 23:07:39,083 - db_writer - INFO - DB Writer: updated PNL for 10 records.
2026-04-14 23:07:41,137 - db_writer - INFO - DB Writer: updated PNL for 9 records.
2026-04-14 23:08:07,286 - main - INFO - [HEALTH] DataFeeder=True | AlphaEngine=True | ExecRouter=True | SignalQ=0 | IOQ=0
2026-04-14 23:08:37,286 - main - INFO - [HEALTH] DataFeeder=True | AlphaEngine=True | ExecRouter=True | SignalQ=0 | IOQ=0
2026-04-14 23:09:07,287 - main - INFO - [HEALTH] DataFeeder=True | AlphaEngine=True | ExecRouter=True | SignalQ=0 | IOQ=0
2026-04-14 23:09:37,288 - main - INFO - [HEALTH] DataFeeder=True | AlphaEngine=True | ExecRouter=True | SignalQ=0 | IOQ=0
2026-04-14 23:10:07,288 - main - INFO - [HEALTH] DataFeeder=True | AlphaEngine=True | ExecRouter=True | SignalQ=0 | IOQ=0
2026-04-14 23:10:37,289 - main - INFO - [HEALTH] DataFeeder=True | AlphaEngine=True | ExecRouter=True | SignalQ=0 | IOQ=0
2026-04-14 23:11:07,289 - main - INFO - [HEALTH] DataFeeder=True | AlphaEngine=True | ExecRouter=True | SignalQ=0 | IOQ=0
2026-04-14 23:11:37,290 - main - INFO - [HEALTH] DataFeeder=True | AlphaEngine=True | ExecRouter=True | SignalQ=0 | IOQ=0
2026-04-14 23:12:07,290 - main - INFO - [HEALTH] DataFeeder=True | AlphaEngine=True | ExecRouter=True | SignalQ=0 | IOQ=0
2026-04-14 23:12:37,291 - main - INFO - [HEALTH] DataFeeder=True | AlphaEngine=True | ExecRouter=True | SignalQ=0 | IOQ=0
2026-04-14 23:13:07,291 - main - INFO - [HEALTH] DataFeeder=True | AlphaEngine=True | ExecRouter=True | SignalQ=0 | IOQ=0
2026-04-14 23:13:37,292 - main - INFO - [HEALTH] DataFeeder=True | AlphaEngine=True | ExecRouter=True | SignalQ=0 | IOQ=0
2026-04-14 23:14:07,293 - main - INFO - [HEALTH] DataFeeder=True | AlphaEngine=True | ExecRouter=True | SignalQ=0 | IOQ=0
2026-04-14 23:14:37,293 - main - INFO - [HEALTH] DataFeeder=True | AlphaEngine=True | ExecRouter=True | SignalQ=0 | IOQ=0
2026-04-14 23:15:07,294 - main - INFO - [HEALTH] DataFeeder=True | AlphaEngine=True | ExecRouter=True | SignalQ=0 | IOQ=0
2026-04-14 23:15:37,294 - main - INFO - [HEALTH] DataFeeder=True | AlphaEngine=True | ExecRouter=True | SignalQ=0 | IOQ=0
2026-04-14 23:16:07,295 - main - INFO - [HEALTH] DataFeeder=True | AlphaEngine=True | ExecRouter=True | SignalQ=0 | IOQ=0
2026-04-14 23:16:37,295 - main - INFO - [HEALTH] DataFeeder=True | AlphaEngine=True | ExecRouter=True | SignalQ=0 | IOQ=0
2026-04-14 23:17:07,295 - main - INFO - [HEALTH] DataFeeder=True | AlphaEngine=True | ExecRouter=True | SignalQ=0 | IOQ=0
2026-04-14 23:17:37,296 - main - INFO - [HEALTH] DataFeeder=True | AlphaEngine=True | ExecRouter=True | SignalQ=0 | IOQ=0
2026-04-14 23:18:07,297 - main - INFO - [HEALTH] DataFeeder=True | AlphaEngine=True | ExecRouter=True | SignalQ=0 | IOQ=0
2026-04-14 23:18:37,297 - main - INFO - [HEALTH] DataFeeder=True | AlphaEngine=True | ExecRouter=True | SignalQ=0 | IOQ=0
2026-04-14 23:19:07,297 - main - INFO - [HEALTH] DataFeeder=True | AlphaEngine=True | ExecRouter=True | SignalQ=0 | IOQ=0
2026-04-14 23:19:37,298 - main - INFO - [HEALTH] DataFeeder=True | AlphaEngine=True | ExecRouter=True | SignalQ=0 | IOQ=0
2026-04-14 23:20:07,298 - main - INFO - [HEALTH] DataFeeder=True | AlphaEngine=True | ExecRouter=True | SignalQ=0 | IOQ=0
2026-04-14 23:20:37,299 - main - INFO - [HEALTH] DataFeeder=True | AlphaEngine=True | ExecRouter=True | SignalQ=0 | IOQ=0
2026-04-14 23:21:07,300 - main - INFO - [HEALTH] DataFeeder=True | AlphaEngine=True | ExecRouter=True | SignalQ=0 | IOQ=0
2026-04-14 23:21:37,300 - main - INFO - [HEALTH] DataFeeder=True | AlphaEngine=True | ExecRouter=True | SignalQ=0 | IOQ=0
2026-04-14 23:22:07,300 - main - INFO - [HEALTH] DataFeeder=True | AlphaEngine=True | ExecRouter=True | SignalQ=0 | IOQ=0
2026-04-14 23:22:37,301 - main - INFO - [HEALTH] DataFeeder=True | AlphaEngine=True | ExecRouter=True | SignalQ=0 | IOQ=0
2026-04-14 23:23:07,301 - main - INFO - [HEALTH] DataFeeder=True | AlphaEngine=True | ExecRouter=True | SignalQ=0 | IOQ=0
2026-04-14 23:23:37,302 - main - INFO - [HEALTH] DataFeeder=True | AlphaEngine=True | ExecRouter=True | SignalQ=0 | IOQ=0
2026-04-14 23:24:07,303 - main - INFO - [HEALTH] DataFeeder=True | AlphaEngine=True | ExecRouter=True | SignalQ=0 | IOQ=0
2026-04-14 23:24:37,303 - main - INFO - [HEALTH] DataFeeder=True | AlphaEngine=True | ExecRouter=True | SignalQ=0 | IOQ=0
2026-04-14 23:25:07,304 - main - INFO - [HEALTH] DataFeeder=True | AlphaEngine=True | ExecRouter=True | SignalQ=0 | IOQ=0
2026-04-14 23:25:37,304 - main - INFO - [HEALTH] DataFeeder=True | AlphaEngine=True | ExecRouter=True | SignalQ=0 | IOQ=0
2026-04-14 23:26:07,305 - main - INFO - [HEALTH] DataFeeder=True | AlphaEngine=True | ExecRouter=True | SignalQ=0 | IOQ=0
2026-04-14 23:26:37,305 - main - INFO - [HEALTH] DataFeeder=True | AlphaEngine=True | ExecRouter=True | SignalQ=0 | IOQ=0
2026-04-14 23:27:07,306 - main - INFO - [HEALTH] DataFeeder=True | AlphaEngine=True | ExecRouter=True | SignalQ=0 | IOQ=0
2026-04-14 23:27:37,306 - main - INFO - [HEALTH] DataFeeder=True | AlphaEngine=True | ExecRouter=True | SignalQ=0 | IOQ=0
2026-04-14 23:28:07,306 - main - INFO - [HEALTH] DataFeeder=True | AlphaEngine=True | ExecRouter=True | SignalQ=0 | IOQ=0
2026-04-14 23:28:37,307 - main - INFO - [HEALTH] DataFeeder=True | AlphaEngine=True | ExecRouter=True | SignalQ=0 | IOQ=0
2026-04-14 23:29:07,307 - main - INFO - [HEALTH] DataFeeder=True | AlphaEngine=True | ExecRouter=True | SignalQ=0 | IOQ=0
2026-04-14 23:29:37,307 - main - INFO - [HEALTH] DataFeeder=True | AlphaEngine=True | ExecRouter=True | SignalQ=0 | IOQ=0
2026-04-14 23:30:07,308 - main - INFO - [HEALTH] DataFeeder=True | AlphaEngine=True | ExecRouter=True | SignalQ=0 | IOQ=0
2026-04-14 23:30:37,308 - main - INFO - [HEALTH] DataFeeder=True | AlphaEngine=True | ExecRouter=True | SignalQ=0 | IOQ=0
2026-04-14 23:31:07,309 - main - INFO - [HEALTH] DataFeeder=True | AlphaEngine=True | ExecRouter=True | SignalQ=0 | IOQ=0
2026-04-14 23:31:37,309 - main - INFO - [HEALTH] DataFeeder=True | AlphaEngine=True | ExecRouter=True | SignalQ=0 | IOQ=0
2026-04-14 23:32:07,310 - main - INFO - [HEALTH] DataFeeder=True | AlphaEngine=True | ExecRouter=True | SignalQ=0 | IOQ=0
2026-04-14 23:32:37,311 - main - INFO - [HEALTH] DataFeeder=True | AlphaEngine=True | ExecRouter=True | SignalQ=0 | IOQ=0
2026-04-14 23:33:07,311 - main - INFO - [HEALTH] DataFeeder=True | AlphaEngine=True | ExecRouter=True | SignalQ=0 | IOQ=0
2026-04-14 23:33:37,312 - main - INFO - [HEALTH] DataFeeder=True | AlphaEngine=True | ExecRouter=True | SignalQ=0 | IOQ=0
2026-04-14 23:34:07,313 - main - INFO - [HEALTH] DataFeeder=True | AlphaEngine=True | ExecRouter=True | SignalQ=0 | IOQ=0
2026-04-14 23:34:37,313 - main - INFO - [HEALTH] DataFeeder=True | AlphaEngine=True | ExecRouter=True | SignalQ=0 | IOQ=0
2026-04-14 23:35:07,314 - main - INFO - [HEALTH] DataFeeder=True | AlphaEngine=True | ExecRouter=True | SignalQ=0 | IOQ=0
2026-04-14 23:35:37,315 - main - INFO - [HEALTH] DataFeeder=True | AlphaEngine=True | ExecRouter=True | SignalQ=0 | IOQ=0
2026-04-14 23:36:07,315 - main - INFO - [HEALTH] DataFeeder=True | AlphaEngine=True | ExecRouter=True | SignalQ=0 | IOQ=0
2026-04-14 23:36:37,315 - main - INFO - [HEALTH] DataFeeder=True | AlphaEngine=True | ExecRouter=True | SignalQ=0 | IOQ=0
2026-04-14 23:37:07,316 - main - INFO - [HEALTH] DataFeeder=True | AlphaEngine=True | ExecRouter=True | SignalQ=0 | IOQ=0
2026-04-14 23:37:37,316 - main - INFO - [HEALTH] DataFeeder=True | AlphaEngine=True | ExecRouter=True | SignalQ=0 | IOQ=0
2026-04-14 23:38:07,317 - main - INFO - [HEALTH] DataFeeder=True | AlphaEngine=True | ExecRouter=True | SignalQ=0 | IOQ=0
2026-04-14 23:38:37,317 - main - INFO - [HEALTH] DataFeeder=True | AlphaEngine=True | ExecRouter=True | SignalQ=0 | IOQ=0
2026-04-14 23:39:07,318 - main - INFO - [HEALTH] DataFeeder=True | AlphaEngine=True | ExecRouter=True | SignalQ=0 | IOQ=0
2026-04-14 23:39:37,318 - main - INFO - [HEALTH] DataFeeder=True | AlphaEngine=True | ExecRouter=True | SignalQ=0 | IOQ=0
2026-04-14 23:40:07,319 - main - INFO - [HEALTH] DataFeeder=True | AlphaEngine=True | ExecRouter=True | SignalQ=0 | IOQ=0
2026-04-14 23:40:37,319 - main - INFO - [HEALTH] DataFeeder=True | AlphaEngine=True | ExecRouter=True | SignalQ=0 | IOQ=0
2026-04-14 23:41:07,320 - main - INFO - [HEALTH] DataFeeder=True | AlphaEngine=True | ExecRouter=True | SignalQ=0 | IOQ=0
2026-04-14 23:41:37,320 - main - INFO - [HEALTH] DataFeeder=True | AlphaEngine=True | ExecRouter=True | SignalQ=0 | IOQ=0
2026-04-14 23:42:07,321 - main - INFO - [HEALTH] DataFeeder=True | AlphaEngine=True | ExecRouter=True | SignalQ=0 | IOQ=0
2026-04-14 23:42:37,321 - main - INFO - [HEALTH] DataFeeder=True | AlphaEngine=True | ExecRouter=True | SignalQ=0 | IOQ=0
2026-04-14 23:43:07,322 - main - INFO - [HEALTH] DataFeeder=True | AlphaEngine=True | ExecRouter=True | SignalQ=0 | IOQ=0
2026-04-14 23:43:37,322 - main - INFO - [HEALTH] DataFeeder=True | AlphaEngine=True | ExecRouter=True | SignalQ=0 | IOQ=0
2026-04-14 23:44:07,323 - main - INFO - [HEALTH] DataFeeder=True | AlphaEngine=True | ExecRouter=True | SignalQ=0 | IOQ=0
2026-04-14 23:44:37,323 - main - INFO - [HEALTH] DataFeeder=True | AlphaEngine=True | ExecRouter=True | SignalQ=0 | IOQ=0
2026-04-14 23:45:07,324 - main - INFO - [HEALTH] DataFeeder=True | AlphaEngine=True | ExecRouter=True | SignalQ=0 | IOQ=0
2026-04-14 23:45:37,324 - main - INFO - [HEALTH] DataFeeder=True | AlphaEngine=True | ExecRouter=True | SignalQ=0 | IOQ=0
2026-04-14 23:46:07,324 - main - INFO - [HEALTH] DataFeeder=True | AlphaEngine=True | ExecRouter=True | SignalQ=0 | IOQ=0
2026-04-14 23:46:37,325 - main - INFO - [HEALTH] DataFeeder=True | AlphaEngine=True | ExecRouter=True | SignalQ=0 | IOQ=0
2026-04-14 23:47:07,326 - main - INFO - [HEALTH] DataFeeder=True | AlphaEngine=True | ExecRouter=True | SignalQ=0 | IOQ=0
2026-04-14 23:47:37,326 - main - INFO - [HEALTH] DataFeeder=True | AlphaEngine=True | ExecRouter=True | SignalQ=0 | IOQ=0
2026-04-14 23:48:07,326 - main - INFO - [HEALTH] DataFeeder=True | AlphaEngine=True | ExecRouter=True | SignalQ=0 | IOQ=0
2026-04-14 23:48:37,327 - main - INFO - [HEALTH] DataFeeder=True | AlphaEngine=True | ExecRouter=True | SignalQ=0 | IOQ=0
2026-04-14 23:49:07,327 - main - INFO - [HEALTH] DataFeeder=True | AlphaEngine=True | ExecRouter=True | SignalQ=0 | IOQ=0
2026-04-14 23:49:37,328 - main - INFO - [HEALTH] DataFeeder=True | AlphaEngine=True | ExecRouter=True | SignalQ=0 | IOQ=0
2026-04-14 23:50:07,329 - main - INFO - [HEALTH] DataFeeder=True | AlphaEngine=True | ExecRouter=True | SignalQ=0 | IOQ=0
2026-04-14 23:50:37,329 - main - INFO - [HEALTH] DataFeeder=True | AlphaEngine=True | ExecRouter=True | SignalQ=0 | IOQ=0
2026-04-14 23:51:07,330 - main - INFO - [HEALTH] DataFeeder=True | AlphaEngine=True | ExecRouter=True | SignalQ=0 | IOQ=0
2026-04-14 23:51:37,330 - main - INFO - [HEALTH] DataFeeder=True | AlphaEngine=True | ExecRouter=True | SignalQ=0 | IOQ=0
2026-04-14 23:52:07,331 - main - INFO - [HEALTH] DataFeeder=True | AlphaEngine=True | ExecRouter=True | SignalQ=0 | IOQ=0
2026-04-14 23:52:37,331 - main - INFO - [HEALTH] DataFeeder=True | AlphaEngine=True | ExecRouter=True | SignalQ=0 | IOQ=0
2026-04-14 23:53:07,331 - main - INFO - [HEALTH] DataFeeder=True | AlphaEngine=True | ExecRouter=True | SignalQ=0 | IOQ=0
2026-04-14 23:53:37,332 - main - INFO - [HEALTH] DataFeeder=True | AlphaEngine=True | ExecRouter=True | SignalQ=0 | IOQ=0
2026-04-14 23:54:07,332 - main - INFO - [HEALTH] DataFeeder=True | AlphaEngine=True | ExecRouter=True | SignalQ=0 | IOQ=0
2026-04-14 23:54:37,333 - main - INFO - [HEALTH] DataFeeder=True | AlphaEngine=True | ExecRouter=True | SignalQ=0 | IOQ=0
2026-04-14 23:55:07,333 - main - INFO - [HEALTH] DataFeeder=True | AlphaEngine=True | ExecRouter=True | SignalQ=0 | IOQ=0
2026-04-14 23:55:37,334 - main - INFO - [HEALTH] DataFeeder=True | AlphaEngine=True | ExecRouter=True | SignalQ=0 | IOQ=0
2026-04-14 23:56:07,334 - main - INFO - [HEALTH] DataFeeder=True | AlphaEngine=True | ExecRouter=True | SignalQ=0 | IOQ=0
2026-04-14 23:56:37,334 - main - INFO - [HEALTH] DataFeeder=True | AlphaEngine=True | ExecRouter=True | SignalQ=0 | IOQ=0
2026-04-14 23:57:07,335 - main - INFO - [HEALTH] DataFeeder=True | AlphaEngine=True | ExecRouter=True | SignalQ=0 | IOQ=0
2026-04-14 23:57:37,335 - main - INFO - [HEALTH] DataFeeder=True | AlphaEngine=True | ExecRouter=True | SignalQ=0 | IOQ=0
2026-04-14 23:58:07,336 - main - INFO - [HEALTH] DataFeeder=True | AlphaEngine=True | ExecRouter=True | SignalQ=0 | IOQ=0
2026-04-14 23:58:37,336 - main - INFO - [HEALTH] DataFeeder=True | AlphaEngine=True | ExecRouter=True | SignalQ=0 | IOQ=0
2026-04-14 23:59:07,337 - main - INFO - [HEALTH] DataFeeder=True | AlphaEngine=True | ExecRouter=True | SignalQ=0 | IOQ=0
2026-04-14 23:59:37,337 - main - INFO - [HEALTH] DataFeeder=True | AlphaEngine=True | ExecRouter=True | SignalQ=0 | IOQ=0
2026-04-15 00:00:07,337 - main - INFO - [HEALTH] DataFeeder=True | AlphaEngine=True | ExecRouter=True | SignalQ=0 | IOQ=0
2026-04-15 00:00:37,338 - main - INFO - [HEALTH] DataFeeder=True | AlphaEngine=True | ExecRouter=True | SignalQ=0 | IOQ=0
2026-04-15 00:01:07,338 - main - INFO - [HEALTH] DataFeeder=True | AlphaEngine=True | ExecRouter=True | SignalQ=0 | IOQ=0
2026-04-15 00:01:37,339 - main - INFO - [HEALTH] DataFeeder=True | AlphaEngine=True | ExecRouter=True | SignalQ=0 | IOQ=0
2026-04-15 00:02:07,339 - main - INFO - [HEALTH] DataFeeder=True | AlphaEngine=True | ExecRouter=True | SignalQ=0 | IOQ=0
2026-04-15 00:02:37,339 - main - INFO - [HEALTH] DataFeeder=True | AlphaEngine=True | ExecRouter=True | SignalQ=0 | IOQ=0
2026-04-15 00:03:07,340 - main - INFO - [HEALTH] DataFeeder=True | AlphaEngine=True | ExecRouter=True | SignalQ=0 | IOQ=0
2026-04-15 00:03:37,340 - main - INFO - [HEALTH] DataFeeder=True | AlphaEngine=True | ExecRouter=True | SignalQ=0 | IOQ=0
2026-04-15 00:04:07,341 - main - INFO - [HEALTH] DataFeeder=True | AlphaEngine=True | ExecRouter=True | SignalQ=0 | IOQ=0
2026-04-15 00:04:37,342 - main - INFO - [HEALTH] DataFeeder=True | AlphaEngine=True | ExecRouter=True | SignalQ=0 | IOQ=0
2026-04-15 00:05:07,342 - main - INFO - [HEALTH] DataFeeder=True | AlphaEngine=True | ExecRouter=True | SignalQ=0 | IOQ=0
2026-04-15 00:05:37,343 - main - INFO - [HEALTH] DataFeeder=True | AlphaEngine=True | ExecRouter=True | SignalQ=0 | IOQ=0
2026-04-15 00:06:07,343 - main - INFO - [HEALTH] DataFeeder=True | AlphaEngine=True | ExecRouter=True | SignalQ=0 | IOQ=0
2026-04-15 00:06:37,343 - main - INFO - [HEALTH] DataFeeder=True | AlphaEngine=True | ExecRouter=True | SignalQ=0 | IOQ=0
2026-04-15 00:07:07,344 - main - INFO - [HEALTH] DataFeeder=True | AlphaEngine=True | ExecRouter=True | SignalQ=0 | IOQ=0
2026-04-15 00:07:37,344 - main - INFO - [HEALTH] DataFeeder=True | AlphaEngine=True | ExecRouter=True | SignalQ=0 | IOQ=0
2026-04-15 00:08:07,345 - main - INFO - [HEALTH] DataFeeder=True | AlphaEngine=True | ExecRouter=True | SignalQ=0 | IOQ=0
2026-04-15 00:08:37,345 - main - INFO - [HEALTH] DataFeeder=True | AlphaEngine=True | ExecRouter=True | SignalQ=0 | IOQ=0
2026-04-15 00:09:07,346 - main - INFO - [HEALTH] DataFeeder=True | AlphaEngine=True | ExecRouter=True | SignalQ=0 | IOQ=0
2026-04-15 00:09:37,347 - main - INFO - [HEALTH] DataFeeder=True | AlphaEngine=True | ExecRouter=True | SignalQ=0 | IOQ=0
2026-04-15 00:10:07,347 - main - INFO - [HEALTH] DataFeeder=True | AlphaEngine=True | ExecRouter=True | SignalQ=0 | IOQ=0
2026-04-15 00:10:37,348 - main - INFO - [HEALTH] DataFeeder=True | AlphaEngine=True | ExecRouter=True | SignalQ=0 | IOQ=0
2026-04-15 00:11:07,349 - main - INFO - [HEALTH] DataFeeder=True | AlphaEngine=True | ExecRouter=True | SignalQ=0 | IOQ=0
2026-04-15 00:11:37,349 - main - INFO - [HEALTH] DataFeeder=True | AlphaEngine=True | ExecRouter=True | SignalQ=0 | IOQ=0
2026-04-15 00:12:07,349 - main - INFO - [HEALTH] DataFeeder=True | AlphaEngine=True | ExecRouter=True | SignalQ=0 | IOQ=0
2026-04-15 00:12:37,350 - main - INFO - [HEALTH] DataFeeder=True | AlphaEngine=True | ExecRouter=True | SignalQ=0 | IOQ=0
2026-04-15 00:13:07,350 - main - INFO - [HEALTH] DataFeeder=True | AlphaEngine=True | ExecRouter=True | SignalQ=0 | IOQ=0
2026-04-15 00:13:37,350 - main - INFO - [HEALTH] DataFeeder=True | AlphaEngine=True | ExecRouter=True | SignalQ=0 | IOQ=0
2026-04-15 00:14:07,351 - main - INFO - [HEALTH] DataFeeder=True | AlphaEngine=True | ExecRouter=True | SignalQ=0 | IOQ=0
2026-04-15 00:14:37,351 - main - INFO - [HEALTH] DataFeeder=True | AlphaEngine=True | ExecRouter=True | SignalQ=0 | IOQ=0
2026-04-15 00:15:07,352 - main - INFO - [HEALTH] DataFeeder=True | AlphaEngine=True | ExecRouter=True | SignalQ=0 | IOQ=0
2026-04-15 00:15:37,352 - main - INFO - [HEALTH] DataFeeder=True | AlphaEngine=True | ExecRouter=True | SignalQ=0 | IOQ=0
2026-04-15 00:16:07,353 - main - INFO - [HEALTH] DataFeeder=True | AlphaEngine=True | ExecRouter=True | SignalQ=0 | IOQ=0
2026-04-15 00:16:37,353 - main - INFO - [HEALTH] DataFeeder=True | AlphaEngine=True | ExecRouter=True | SignalQ=0 | IOQ=0
2026-04-15 00:17:07,354 - main - INFO - [HEALTH] DataFeeder=True | AlphaEngine=True | ExecRouter=True | SignalQ=0 | IOQ=0
2026-04-15 00:17:37,354 - main - INFO - [HEALTH] DataFeeder=True | AlphaEngine=True | ExecRouter=True | SignalQ=0 | IOQ=0
2026-04-15 00:18:07,355 - main - INFO - [HEALTH] DataFeeder=True | AlphaEngine=True | ExecRouter=True | SignalQ=0 | IOQ=0
2026-04-15 00:18:37,355 - main - INFO - [HEALTH] DataFeeder=True | AlphaEngine=True | ExecRouter=True | SignalQ=0 | IOQ=0
2026-04-15 00:19:07,356 - main - INFO - [HEALTH] DataFeeder=True | AlphaEngine=True | ExecRouter=True | SignalQ=0 | IOQ=0
2026-04-15 00:19:37,357 - main - INFO - [HEALTH] DataFeeder=True | AlphaEngine=True | ExecRouter=True | SignalQ=0 | IOQ=0
2026-04-15 00:20:07,357 - main - INFO - [HEALTH] DataFeeder=True | AlphaEngine=True | ExecRouter=True | SignalQ=0 | IOQ=0
2026-04-15 00:20:37,358 - main - INFO - [HEALTH] DataFeeder=True | AlphaEngine=True | ExecRouter=True | SignalQ=0 | IOQ=0
2026-04-15 00:21:07,358 - main - INFO - [HEALTH] DataFeeder=True | AlphaEngine=True | ExecRouter=True | SignalQ=0 | IOQ=0
2026-04-15 00:21:37,359 - main - INFO - [HEALTH] DataFeeder=True | AlphaEngine=True | ExecRouter=True | SignalQ=0 | IOQ=0
2026-04-15 00:22:07,359 - main - INFO - [HEALTH] DataFeeder=True | AlphaEngine=True | ExecRouter=True | SignalQ=0 | IOQ=0
2026-04-15 00:22:37,360 - main - INFO - [HEALTH] DataFeeder=True | AlphaEngine=True | ExecRouter=True | SignalQ=0 | IOQ=0
2026-04-15 00:23:07,360 - main - INFO - [HEALTH] DataFeeder=True | AlphaEngine=True | ExecRouter=True | SignalQ=0 | IOQ=0
2026-04-15 00:23:37,361 - main - INFO - [HEALTH] DataFeeder=True | AlphaEngine=True | ExecRouter=True | SignalQ=0 | IOQ=0
2026-04-15 00:24:07,361 - main - INFO - [HEALTH] DataFeeder=True | AlphaEngine=True | ExecRouter=True | SignalQ=0 | IOQ=0
2026-04-15 00:24:37,361 - main - INFO - [HEALTH] DataFeeder=True | AlphaEngine=True | ExecRouter=True | SignalQ=0 | IOQ=0
2026-04-15 00:25:07,362 - main - INFO - [HEALTH] DataFeeder=True | AlphaEngine=True | ExecRouter=True | SignalQ=0 | IOQ=0
2026-04-15 00:25:37,362 - main - INFO - [HEALTH] DataFeeder=True | AlphaEngine=True | ExecRouter=True | SignalQ=0 | IOQ=0
2026-04-15 00:26:07,362 - main - INFO - [HEALTH] DataFeeder=True | AlphaEngine=True | ExecRouter=True | SignalQ=0 | IOQ=0
2026-04-15 00:26:37,363 - main - INFO - [HEALTH] DataFeeder=True | AlphaEngine=True | ExecRouter=True | SignalQ=0 | IOQ=0
2026-04-15 00:27:07,363 - main - INFO - [HEALTH] DataFeeder=True | AlphaEngine=True | ExecRouter=True | SignalQ=0 | IOQ=0
2026-04-15 00:27:37,364 - main - INFO - [HEALTH] DataFeeder=True | AlphaEngine=True | ExecRouter=True | SignalQ=0 | IOQ=0
2026-04-15 00:28:07,364 - main - INFO - [HEALTH] DataFeeder=True | AlphaEngine=True | ExecRouter=True | SignalQ=0 | IOQ=0
2026-04-15 00:28:37,365 - main - INFO - [HEALTH] DataFeeder=True | AlphaEngine=True | ExecRouter=True | SignalQ=0 | IOQ=0
2026-04-15 00:29:07,365 - main - INFO - [HEALTH] DataFeeder=True | AlphaEngine=True | ExecRouter=True | SignalQ=0 | IOQ=0
2026-04-15 00:29:37,366 - main - INFO - [HEALTH] DataFeeder=True | AlphaEngine=True | ExecRouter=True | SignalQ=0 | IOQ=0
2026-04-15 00:30:07,366 - main - INFO - [HEALTH] DataFeeder=True | AlphaEngine=True | ExecRouter=True | SignalQ=0 | IOQ=0
2026-04-15 00:30:37,367 - main - INFO - [HEALTH] DataFeeder=True | AlphaEngine=True | ExecRouter=True | SignalQ=0 | IOQ=0
2026-04-15 00:31:07,367 - main - INFO - [HEALTH] DataFeeder=True | AlphaEngine=True | ExecRouter=True | SignalQ=0 | IOQ=0
2026-04-15 00:31:37,368 - main - INFO - [HEALTH] DataFeeder=True | AlphaEngine=True | ExecRouter=True | SignalQ=0 | IOQ=0
2026-04-15 00:32:07,368 - main - INFO - [HEALTH] DataFeeder=True | AlphaEngine=True | ExecRouter=True | SignalQ=0 | IOQ=0
2026-04-15 00:32:37,369 - main - INFO - [HEALTH] DataFeeder=True | AlphaEngine=True | ExecRouter=True | SignalQ=0 | IOQ=0
2026-04-15 00:33:07,369 - main - INFO - [HEALTH] DataFeeder=True | AlphaEngine=True | ExecRouter=True | SignalQ=0 | IOQ=0
2026-04-15 00:33:37,370 - main - INFO - [HEALTH] DataFeeder=True | AlphaEngine=True | ExecRouter=True | SignalQ=0 | IOQ=0
2026-04-15 00:34:07,371 - main - INFO - [HEALTH] DataFeeder=True | AlphaEngine=True | ExecRouter=True | SignalQ=0 | IOQ=0
2026-04-15 00:34:37,371 - main - INFO - [HEALTH] DataFeeder=True | AlphaEngine=True | ExecRouter=True | SignalQ=0 | IOQ=0
2026-04-15 00:35:07,371 - main - INFO - [HEALTH] DataFeeder=True | AlphaEngine=True | ExecRouter=True | SignalQ=0 | IOQ=0
2026-04-15 00:35:37,371 - main - INFO - [HEALTH] DataFeeder=True | AlphaEngine=True | ExecRouter=True | SignalQ=0 | IOQ=0
2026-04-15 00:36:07,372 - main - INFO - [HEALTH] DataFeeder=True | AlphaEngine=True | ExecRouter=True | SignalQ=0 | IOQ=0
2026-04-15 00:36:37,372 - main - INFO - [HEALTH] DataFeeder=True | AlphaEngine=True | ExecRouter=True | SignalQ=0 | IOQ=0
2026-04-15 00:37:07,373 - main - INFO - [HEALTH] DataFeeder=True | AlphaEngine=True | ExecRouter=True | SignalQ=0 | IOQ=0
2026-04-15 00:37:37,373 - main - INFO - [HEALTH] DataFeeder=True | AlphaEngine=True | ExecRouter=True | SignalQ=0 | IOQ=0
2026-04-15 00:38:07,373 - main - INFO - [HEALTH] DataFeeder=True | AlphaEngine=True | ExecRouter=True | SignalQ=0 | IOQ=0
2026-04-15 00:38:37,374 - main - INFO - [HEALTH] DataFeeder=True | AlphaEngine=True | ExecRouter=True | SignalQ=0 | IOQ=0
2026-04-15 00:39:07,374 - main - INFO - [HEALTH] DataFeeder=True | AlphaEngine=True | ExecRouter=True | SignalQ=0 | IOQ=0
2026-04-16 22:53:51,628 - main - INFO - ══════════════════════════════════════════════════════════════════
2026-04-16 22:53:51,628 - main - INFO -    Ω OMEGA ARCHITECTURE — Zero-Latency Execution Engine   
2026-04-16 22:53:51,628 - main - INFO -    Phase 1: Multiprocess  │ Phase 2: Vectorised NumPy      
2026-04-16 22:53:51,628 - main - INFO -    Phase 3: OFI Tick-Tape │ Phase 4: Half-Kelly Sizing     
2026-04-16 22:53:51,628 - main - INFO -    Phase 5: Zero-Blocking DB I/O                            
2026-04-16 22:53:51,628 - main - INFO - ══════════════════════════════════════════════════════════════════
2026-04-16 22:53:51,628 - main - INFO - Verifying database schema…
2026-04-16 22:53:51,640 - main - INFO - Connecting to MT5 for symbol discovery…
2026-04-16 22:53:51,640 - mt5_client - INFO - Initializing MetaTrader5 connection...
2026-04-16 22:53:51,640 - mt5_client - INFO - Attempting to launch and log in to 'MetaQuotes-Demo' account '105579222'...
2026-04-16 22:53:57,097 - mt5_client - INFO - MetaTrader5 initialized successfully.
2026-04-16 22:53:57,140 - mt5_client - INFO - Dynamically discovered 50 tradeable symbols (Forex + CFDs).
2026-04-16 22:53:57,148 - mt5_client - INFO - Shutting down MetaTrader5...
2026-04-16 22:53:57,148 - mt5_client - INFO - MetaTrader5 shutdown complete.
2026-04-16 22:53:57,148 - main - INFO - Symbol discovery complete: 54 symbols.
2026-04-16 22:53:57,150 - main - INFO - [SHM] 'omega_ticks_18956' created — 3,456 bytes (54 symbols × 64 bytes each)
2026-04-16 22:53:57,166 - main - INFO - [PHASE 1] Starting DataFeeder process…
2026-04-16 22:53:57,174 - main - INFO - [PHASE 1] DataFeeder PID=12584 ✓
2026-04-16 22:53:57,174 - main - INFO - [PHASE 1] Waiting for DataFeeder first snapshot (timeout=45s)…
2026-04-16 22:53:58,956 - main - INFO - [PHASE 2/3] Starting AlphaEngine process…
2026-04-16 22:53:58,963 - main - INFO - [PHASE 2/3] AlphaEngine PID=18420 ✓
2026-04-16 22:53:58,963 - main - INFO - [PHASE 4/5] Starting ExecRouter process…
2026-04-16 22:53:58,969 - main - INFO - [PHASE 4/5] ExecRouter PID=20792 ✓
2026-04-16 22:53:58,969 - main - INFO - [SHADOW] Starting ShadowOptimizer process…
2026-04-16 22:53:58,976 - main - INFO - [SHADOW] ShadowOptimizer PID=6048 ✓
2026-04-16 22:53:58,976 - main - INFO - [PHASE 5] IO Queue initialized for ExecRouter DB writes.
2026-04-16 22:53:58,976 - main - INFO - ══════════════════════════════════════════════════════════════════
2026-04-16 22:53:58,976 - main - INFO - Ω  ALL OMEGA PROCESSES LIVE. Supervisor entering health monitor.
2026-04-16 22:53:58,976 - main - INFO - ══════════════════════════════════════════════════════════════════
2026-04-16 22:54:00,859 - db_writer - INFO - DB Writer daemon started.
2026-04-16 22:54:00,862 - db_writer - INFO - Last DB maintenance was: 2026-03-16T22:54:00.862492
2026-04-16 22:54:28,976 - main - INFO - [HEALTH] DataFeeder=True | AlphaEngine=True | ExecRouter=True | SignalQ=0 | IOQ=0
2026-04-16 22:54:58,977 - main - INFO - [HEALTH] DataFeeder=True | AlphaEngine=True | ExecRouter=True | SignalQ=0 | IOQ=0
2026-04-16 22:55:28,977 - main - INFO - [HEALTH] DataFeeder=True | AlphaEngine=True | ExecRouter=True | SignalQ=0 | IOQ=0
2026-04-16 22:55:58,978 - main - INFO - [HEALTH] DataFeeder=True | AlphaEngine=True | ExecRouter=True | SignalQ=0 | IOQ=0
2026-04-16 22:56:02,407 - main - INFO - Signal SIGINT (2) received, initiating graceful shutdown.
2026-04-16 22:56:02,911 - main - INFO - Signal SIGINT (2) received, initiating graceful shutdown.
2026-04-16 22:56:03,258 - main - INFO - Signal SIGINT (2) received, initiating graceful shutdown.
2026-04-16 22:56:03,724 - main - INFO - Signal SIGINT (2) received, initiating graceful shutdown.
2026-04-16 22:56:28,797 - main - INFO - Signal SIGINT (2) received, initiating graceful shutdown.
2026-04-16 22:56:28,979 - main - CRITICAL - ☠  Dead processes detected: ['DataFeeder', 'AlphaEngine', 'ExecRouter', 'ShadowOptimizer']. Initiating emergency shutdown.
2026-04-16 22:56:28,979 - main - INFO - Broadcasting stop_event to all Omega processes…
2026-04-16 22:56:28,979 - main - INFO - DataFeeder shutdown complete.
2026-04-16 22:56:28,979 - main - INFO - AlphaEngine shutdown complete.
2026-04-16 22:56:28,979 - main - INFO - ExecRouter shutdown complete.
2026-04-16 22:56:28,979 - main - INFO - ShadowOptimizer shutdown complete.
2026-04-16 22:56:28,979 - main - INFO - Omega processes stopped.
2026-04-16 22:56:28,979 - main - INFO - Releasing SharedMemory…
2026-04-16 22:56:28,979 - main - INFO - SharedMemory 'omega_ticks_18956' released.
2026-04-16 22:56:28,979 - main - INFO - Ω  Omega Engine stopped cleanly. Goodbye.
2026-04-16 22:56:34,658 - main - INFO - ══════════════════════════════════════════════════════════════════
2026-04-16 22:56:34,658 - main - INFO -    Ω OMEGA ARCHITECTURE — Zero-Latency Execution Engine   
2026-04-16 22:56:34,658 - main - INFO -    Phase 1: Multiprocess  │ Phase 2: Vectorised NumPy      
2026-04-16 22:56:34,658 - main - INFO -    Phase 3: OFI Tick-Tape │ Phase 4: Half-Kelly Sizing     
2026-04-16 22:56:34,658 - main - INFO -    Phase 5: Zero-Blocking DB I/O                            
2026-04-16 22:56:34,658 - main - INFO - ══════════════════════════════════════════════════════════════════
2026-04-16 22:56:34,658 - main - INFO - Verifying database schema…
2026-04-16 22:56:34,684 - main - INFO - Connecting to MT5 for symbol discovery…
2026-04-16 22:56:34,684 - mt5_client - INFO - Initializing MetaTrader5 connection...
2026-04-16 22:56:34,684 - mt5_client - INFO - Attempting to launch and log in to 'MetaQuotes-Demo' account '105579222'...
2026-04-16 22:56:34,697 - mt5_client - INFO - MetaTrader5 initialized successfully.
2026-04-16 22:56:34,742 - mt5_client - INFO - Dynamically discovered 50 tradeable symbols (Forex + CFDs).
2026-04-16 22:56:34,750 - mt5_client - INFO - Shutting down MetaTrader5...
2026-04-16 22:56:34,750 - mt5_client - INFO - MetaTrader5 shutdown complete.
2026-04-16 22:56:34,750 - main - INFO - Symbol discovery complete: 54 symbols.
2026-04-16 22:56:34,750 - main - INFO - [SHM] 'omega_ticks_17000' created — 3,456 bytes (54 symbols × 64 bytes each)
2026-04-16 22:56:34,757 - main - INFO - [PHASE 1] Starting DataFeeder process…
2026-04-16 22:56:34,764 - main - INFO - [PHASE 1] DataFeeder PID=26836 ✓
2026-04-16 22:56:34,764 - main - INFO - [PHASE 1] Waiting for DataFeeder first snapshot (timeout=45s)…
2026-04-16 22:56:36,508 - main - INFO - [PHASE 2/3] Starting AlphaEngine process…
2026-04-16 22:56:36,516 - main - INFO - [PHASE 2/3] AlphaEngine PID=32568 ✓
2026-04-16 22:56:36,516 - main - INFO - [PHASE 4/5] Starting ExecRouter process…
2026-04-16 22:56:36,522 - main - INFO - [PHASE 4/5] ExecRouter PID=2572 ✓
2026-04-16 22:56:36,522 - main - INFO - [SHADOW] Starting ShadowOptimizer process…
2026-04-16 22:56:36,529 - main - INFO - [SHADOW] ShadowOptimizer PID=31248 ✓
2026-04-16 22:56:36,529 - main - INFO - [PHASE 5] IO Queue initialized for ExecRouter DB writes.
2026-04-16 22:56:36,529 - main - INFO - ══════════════════════════════════════════════════════════════════
2026-04-16 22:56:36,529 - main - INFO - Ω  ALL OMEGA PROCESSES LIVE. Supervisor entering health monitor.
2026-04-16 22:56:36,529 - main - INFO - ══════════════════════════════════════════════════════════════════
2026-04-16 22:56:38,276 - db_writer - INFO - DB Writer daemon started.
2026-04-16 22:56:38,282 - db_writer - INFO - Last DB maintenance was: 2026-03-16T22:56:38.282215
2026-04-16 22:57:06,529 - main - INFO - [HEALTH] DataFeeder=True | AlphaEngine=True | ExecRouter=True | SignalQ=0 | IOQ=0
2026-04-16 22:57:33,614 - main - INFO - Signal SIGINT (2) received, initiating graceful shutdown.
2026-04-16 22:57:33,889 - main - INFO - Signal SIGINT (2) received, initiating graceful shutdown.
2026-04-16 22:57:34,070 - main - INFO - Signal SIGINT (2) received, initiating graceful shutdown.
2026-04-16 22:57:36,530 - main - CRITICAL - ☠  Dead processes detected: ['DataFeeder', 'AlphaEngine', 'ExecRouter', 'ShadowOptimizer']. Initiating emergency shutdown.
2026-04-16 22:57:36,530 - main - INFO - Broadcasting stop_event to all Omega processes…
2026-04-16 22:57:36,530 - main - INFO - DataFeeder shutdown complete.
2026-04-16 22:57:36,530 - main - INFO - AlphaEngine shutdown complete.
2026-04-16 22:57:36,530 - main - INFO - ExecRouter shutdown complete.
2026-04-16 22:57:36,530 - main - INFO - ShadowOptimizer shutdown complete.
2026-04-16 22:57:36,530 - main - INFO - Omega processes stopped.
2026-04-16 22:57:36,530 - main - INFO - Releasing SharedMemory…
2026-04-16 22:57:36,531 - main - INFO - SharedMemory 'omega_ticks_17000' released.
2026-04-16 22:57:36,531 - main - INFO - Ω  Omega Engine stopped cleanly. Goodbye.
2026-04-16 23:43:35,492 - main - INFO - ══════════════════════════════════════════════════════════════════
2026-04-16 23:43:35,492 - main - INFO -    Ω OMEGA ARCHITECTURE — Zero-Latency Execution Engine   
2026-04-16 23:43:35,492 - main - INFO -    Phase 1: Multiprocess  │ Phase 2: Vectorised NumPy      
2026-04-16 23:43:35,492 - main - INFO -    Phase 3: OFI Tick-Tape │ Phase 4: Half-Kelly Sizing     
2026-04-16 23:43:35,492 - main - INFO -    Phase 5: Zero-Blocking DB I/O                            
2026-04-16 23:43:35,492 - main - INFO - ══════════════════════════════════════════════════════════════════
2026-04-16 23:43:35,492 - main - INFO - Verifying database schema…
2026-04-16 23:43:35,511 - main - INFO - Connecting to MT5 for symbol discovery…
2026-04-16 23:43:35,512 - mt5_client - INFO - Initializing MetaTrader5 connection...
2026-04-16 23:43:35,512 - mt5_client - INFO - Attempting to launch and log in to 'MetaQuotes-Demo' account '105579222'...
2026-04-16 23:43:35,524 - mt5_client - INFO - MetaTrader5 initialized successfully.
2026-04-16 23:43:35,596 - mt5_client - INFO - Dynamically discovered 50 tradeable symbols (Forex + CFDs).
2026-04-16 23:43:35,601 - mt5_client - INFO - Shutting down MetaTrader5...
2026-04-16 23:43:35,601 - mt5_client - INFO - MetaTrader5 shutdown complete.
2026-04-16 23:43:35,601 - main - INFO - Symbol discovery complete: 54 symbols.
2026-04-16 23:43:35,601 - main - INFO - [SHM] 'omega_ticks_15680' created — 3,456 bytes (54 symbols × 64 bytes each)
2026-04-16 23:43:35,607 - main - INFO - [PHASE 1] Starting DataFeeder process…
2026-04-16 23:43:35,613 - main - INFO - [PHASE 1] DataFeeder PID=27128 ✓
2026-04-16 23:43:35,613 - main - INFO - [PHASE 1] Waiting for DataFeeder first snapshot (timeout=45s)…
2026-04-16 23:43:37,203 - main - INFO - [PHASE 2/3] Starting AlphaEngine process…
2026-04-16 23:43:37,211 - main - INFO - [PHASE 2/3] AlphaEngine PID=32496 ✓
2026-04-16 23:43:37,211 - main - INFO - [PHASE 4/5] Starting ExecRouter process…
2026-04-16 23:43:37,215 - main - INFO - [PHASE 4/5] ExecRouter PID=16308 ✓
2026-04-16 23:43:37,215 - main - INFO - [SHADOW] Starting ShadowOptimizer process…
2026-04-16 23:43:37,223 - main - INFO - [SHADOW] ShadowOptimizer PID=1924 ✓
2026-04-16 23:43:37,223 - main - INFO - [PHASE 5] IO Queue initialized for ExecRouter DB writes.
2026-04-16 23:43:37,223 - main - INFO - ══════════════════════════════════════════════════════════════════
2026-04-16 23:43:37,223 - main - INFO - Ω  ALL OMEGA PROCESSES LIVE. Supervisor entering health monitor.
2026-04-16 23:43:37,223 - main - INFO - ══════════════════════════════════════════════════════════════════
2026-04-16 23:43:38,819 - db_writer - INFO - DB Writer daemon started.
2026-04-16 23:43:38,823 - db_writer - INFO - Last DB maintenance was: 2026-03-16T23:43:38.823128
2026-04-16 23:44:07,223 - main - INFO - [HEALTH] DataFeeder=True | AlphaEngine=True | ExecRouter=True | SignalQ=0 | IOQ=0
2026-04-16 23:44:08,835 - db_writer - INFO - DB Writer: updated PNL for 1 records.
2026-04-16 23:44:10,876 - db_writer - INFO - DB Writer: updated PNL for 1 records.
2026-04-16 23:44:37,223 - main - INFO - [HEALTH] DataFeeder=True | AlphaEngine=True | ExecRouter=True | SignalQ=0 | IOQ=0
2026-04-16 23:45:07,224 - main - INFO - [HEALTH] DataFeeder=True | AlphaEngine=True | ExecRouter=True | SignalQ=0 | IOQ=0
2026-04-16 23:45:37,224 - main - INFO - [HEALTH] DataFeeder=True | AlphaEngine=True | ExecRouter=True | SignalQ=0 | IOQ=0
2026-04-16 23:46:07,225 - main - INFO - [HEALTH] DataFeeder=True | AlphaEngine=True | ExecRouter=True | SignalQ=0 | IOQ=0
2026-04-16 23:46:37,225 - main - INFO - [HEALTH] DataFeeder=True | AlphaEngine=True | ExecRouter=True | SignalQ=0 | IOQ=0
2026-04-16 23:47:07,226 - main - INFO - [HEALTH] DataFeeder=True | AlphaEngine=True | ExecRouter=True | SignalQ=0 | IOQ=0
2026-04-16 23:47:37,227 - main - INFO - [HEALTH] DataFeeder=True | AlphaEngine=True | ExecRouter=True | SignalQ=0 | IOQ=0
2026-04-16 23:48:07,227 - main - INFO - [HEALTH] DataFeeder=True | AlphaEngine=True | ExecRouter=True | SignalQ=0 | IOQ=0
2026-04-16 23:48:37,228 - main - INFO - [HEALTH] DataFeeder=True | AlphaEngine=True | ExecRouter=True | SignalQ=0 | IOQ=0
2026-04-16 23:49:07,228 - main - INFO - [HEALTH] DataFeeder=True | AlphaEngine=True | ExecRouter=True | SignalQ=0 | IOQ=0
2026-04-16 23:49:37,228 - main - INFO - [HEALTH] DataFeeder=True | AlphaEngine=True | ExecRouter=True | SignalQ=0 | IOQ=0
2026-04-17 01:40:01,078 - main - INFO - [HEALTH] DataFeeder=True | AlphaEngine=True | ExecRouter=True | SignalQ=0 | IOQ=0
2026-04-17 01:40:31,078 - main - INFO - [HEALTH] DataFeeder=True | AlphaEngine=True | ExecRouter=True | SignalQ=0 | IOQ=0
2026-04-17 01:41:01,079 - main - INFO - [HEALTH] DataFeeder=True | AlphaEngine=True | ExecRouter=True | SignalQ=0 | IOQ=0
2026-04-17 01:41:31,079 - main - INFO - [HEALTH] DataFeeder=True | AlphaEngine=True | ExecRouter=True | SignalQ=0 | IOQ=0
2026-04-17 01:42:01,080 - main - INFO - [HEALTH] DataFeeder=True | AlphaEngine=True | ExecRouter=True | SignalQ=0 | IOQ=0
2026-04-17 02:35:49,475 - main - INFO - [HEALTH] DataFeeder=True | AlphaEngine=True | ExecRouter=True | SignalQ=0 | IOQ=0
2026-04-17 02:36:19,476 - main - INFO - [HEALTH] DataFeeder=True | AlphaEngine=True | ExecRouter=True | SignalQ=0 | IOQ=0
2026-04-17 02:36:49,477 - main - INFO - [HEALTH] DataFeeder=True | AlphaEngine=True | ExecRouter=True | SignalQ=0 | IOQ=0
2026-04-17 02:37:19,478 - main - INFO - [HEALTH] DataFeeder=True | AlphaEngine=True | ExecRouter=True | SignalQ=0 | IOQ=0
2026-04-17 02:37:49,478 - main - INFO - [HEALTH] DataFeeder=True | AlphaEngine=True | ExecRouter=True | SignalQ=0 | IOQ=0
2026-04-17 02:38:19,479 - main - INFO - [HEALTH] DataFeeder=True | AlphaEngine=True | ExecRouter=True | SignalQ=0 | IOQ=0
2026-04-17 02:38:49,479 - main - INFO - [HEALTH] DataFeeder=True | AlphaEngine=True | ExecRouter=True | SignalQ=0 | IOQ=0
2026-04-17 02:39:19,480 - main - INFO - [HEALTH] DataFeeder=True | AlphaEngine=True | ExecRouter=True | SignalQ=0 | IOQ=0
2026-04-17 02:39:49,480 - main - INFO - [HEALTH] DataFeeder=True | AlphaEngine=True | ExecRouter=True | SignalQ=0 | IOQ=0
2026-04-17 02:40:19,481 - main - INFO - [HEALTH] DataFeeder=True | AlphaEngine=True | ExecRouter=True | SignalQ=0 | IOQ=0
2026-04-17 02:40:49,482 - main - INFO - [HEALTH] DataFeeder=True | AlphaEngine=True | ExecRouter=True | SignalQ=0 | IOQ=0
2026-04-17 02:41:19,484 - main - INFO - [HEALTH] DataFeeder=True | AlphaEngine=True | ExecRouter=True | SignalQ=0 | IOQ=0
2026-04-17 02:41:49,484 - main - INFO - [HEALTH] DataFeeder=True | AlphaEngine=True | ExecRouter=True | SignalQ=0 | IOQ=0
2026-04-17 02:42:19,484 - main - INFO - [HEALTH] DataFeeder=True | AlphaEngine=True | ExecRouter=True | SignalQ=0 | IOQ=0
2026-04-17 02:42:49,485 - main - INFO - [HEALTH] DataFeeder=True | AlphaEngine=True | ExecRouter=True | SignalQ=0 | IOQ=0
2026-04-17 02:43:19,486 - main - INFO - [HEALTH] DataFeeder=True | AlphaEngine=True | ExecRouter=True | SignalQ=0 | IOQ=0
2026-04-17 02:43:49,486 - main - INFO - [HEALTH] DataFeeder=True | AlphaEngine=True | ExecRouter=True | SignalQ=0 | IOQ=0
2026-04-17 02:44:19,487 - main - INFO - [HEALTH] DataFeeder=True | AlphaEngine=True | ExecRouter=True | SignalQ=0 | IOQ=0
2026-04-17 02:44:49,487 - main - INFO - [HEALTH] DataFeeder=True | AlphaEngine=True | ExecRouter=True | SignalQ=0 | IOQ=0
2026-04-17 02:45:19,488 - main - INFO - [HEALTH] DataFeeder=True | AlphaEngine=True | ExecRouter=True | SignalQ=0 | IOQ=0
2026-04-17 02:45:49,489 - main - INFO - [HEALTH] DataFeeder=True | AlphaEngine=True | ExecRouter=True | SignalQ=0 | IOQ=0
2026-04-17 02:46:19,489 - main - INFO - [HEALTH] DataFeeder=True | AlphaEngine=True | ExecRouter=True | SignalQ=0 | IOQ=0
2026-04-17 02:46:49,490 - main - INFO - [HEALTH] DataFeeder=True | AlphaEngine=True | ExecRouter=True | SignalQ=0 | IOQ=0
2026-04-17 02:47:19,490 - main - INFO - [HEALTH] DataFeeder=True | AlphaEngine=True | ExecRouter=True | SignalQ=0 | IOQ=0
2026-04-17 02:47:49,491 - main - INFO - [HEALTH] DataFeeder=True | AlphaEngine=True | ExecRouter=True | SignalQ=0 | IOQ=0
2026-04-17 02:48:19,491 - main - INFO - [HEALTH] DataFeeder=True | AlphaEngine=True | ExecRouter=True | SignalQ=0 | IOQ=0
2026-04-17 02:48:49,492 - main - INFO - [HEALTH] DataFeeder=True | AlphaEngine=True | ExecRouter=True | SignalQ=0 | IOQ=0
2026-04-17 02:49:19,492 - main - INFO - [HEALTH] DataFeeder=True | AlphaEngine=True | ExecRouter=True | SignalQ=0 | IOQ=0
2026-04-17 02:49:49,493 - main - INFO - [HEALTH] DataFeeder=True | AlphaEngine=True | ExecRouter=True | SignalQ=0 | IOQ=0
2026-04-17 02:50:19,493 - main - INFO - [HEALTH] DataFeeder=True | AlphaEngine=True | ExecRouter=True | SignalQ=0 | IOQ=0
2026-04-17 02:50:49,493 - main - INFO - [HEALTH] DataFeeder=True | AlphaEngine=True | ExecRouter=True | SignalQ=0 | IOQ=0
2026-04-17 02:51:19,494 - main - INFO - [HEALTH] DataFeeder=True | AlphaEngine=True | ExecRouter=True | SignalQ=0 | IOQ=0
2026-04-17 02:51:49,494 - main - INFO - [HEALTH] DataFeeder=True | AlphaEngine=True | ExecRouter=True | SignalQ=0 | IOQ=0
2026-04-17 02:52:19,495 - main - INFO - [HEALTH] DataFeeder=True | AlphaEngine=True | ExecRouter=True | SignalQ=0 | IOQ=0
2026-04-17 02:52:49,496 - main - INFO - [HEALTH] DataFeeder=True | AlphaEngine=True | ExecRouter=True | SignalQ=0 | IOQ=0
2026-04-17 02:53:19,496 - main - INFO - [HEALTH] DataFeeder=True | AlphaEngine=True | ExecRouter=True | SignalQ=0 | IOQ=0
2026-04-17 02:53:49,496 - main - INFO - [HEALTH] DataFeeder=True | AlphaEngine=True | ExecRouter=True | SignalQ=0 | IOQ=0
2026-04-17 02:54:19,497 - main - INFO - [HEALTH] DataFeeder=True | AlphaEngine=True | ExecRouter=True | SignalQ=0 | IOQ=0
2026-04-17 02:54:49,498 - main - INFO - [HEALTH] DataFeeder=True | AlphaEngine=True | ExecRouter=True | SignalQ=0 | IOQ=0
2026-04-17 02:55:19,498 - main - INFO - [HEALTH] DataFeeder=True | AlphaEngine=True | ExecRouter=True | SignalQ=0 | IOQ=0
2026-04-17 02:55:49,499 - main - INFO - [HEALTH] DataFeeder=True | AlphaEngine=True | ExecRouter=True | SignalQ=0 | IOQ=0
2026-04-17 02:56:19,500 - main - INFO - [HEALTH] DataFeeder=True | AlphaEngine=True | ExecRouter=True | SignalQ=0 | IOQ=0
2026-04-17 02:56:49,500 - main - INFO - [HEALTH] DataFeeder=True | AlphaEngine=True | ExecRouter=True | SignalQ=0 | IOQ=0
2026-04-17 02:57:19,501 - main - INFO - [HEALTH] DataFeeder=True | AlphaEngine=True | ExecRouter=True | SignalQ=0 | IOQ=0
2026-04-17 02:57:49,502 - main - INFO - [HEALTH] DataFeeder=True | AlphaEngine=True | ExecRouter=True | SignalQ=0 | IOQ=0
2026-04-17 02:58:19,502 - main - INFO - [HEALTH] DataFeeder=True | AlphaEngine=True | ExecRouter=True | SignalQ=0 | IOQ=0
2026-04-17 02:58:49,502 - main - INFO - [HEALTH] DataFeeder=True | AlphaEngine=True | ExecRouter=True | SignalQ=0 | IOQ=0
2026-04-17 02:59:19,503 - main - INFO - [HEALTH] DataFeeder=True | AlphaEngine=True | ExecRouter=True | SignalQ=0 | IOQ=0
2026-04-17 02:59:49,504 - main - INFO - [HEALTH] DataFeeder=True | AlphaEngine=True | ExecRouter=True | SignalQ=0 | IOQ=0
2026-04-17 03:00:19,505 - main - INFO - [HEALTH] DataFeeder=True | AlphaEngine=True | ExecRouter=True | SignalQ=0 | IOQ=0
2026-04-17 03:00:49,505 - main - INFO - [HEALTH] DataFeeder=True | AlphaEngine=True | ExecRouter=True | SignalQ=0 | IOQ=0
2026-04-17 03:01:19,506 - main - INFO - [HEALTH] DataFeeder=True | AlphaEngine=True | ExecRouter=True | SignalQ=0 | IOQ=0
2026-04-17 03:01:49,507 - main - INFO - [HEALTH] DataFeeder=True | AlphaEngine=True | ExecRouter=True | SignalQ=0 | IOQ=0
2026-04-17 03:02:19,507 - main - INFO - [HEALTH] DataFeeder=True | AlphaEngine=True | ExecRouter=True | SignalQ=0 | IOQ=0
2026-04-17 03:02:49,507 - main - INFO - [HEALTH] DataFeeder=True | AlphaEngine=True | ExecRouter=True | SignalQ=0 | IOQ=0
2026-04-17 03:03:19,508 - main - INFO - [HEALTH] DataFeeder=True | AlphaEngine=True | ExecRouter=True | SignalQ=0 | IOQ=0
2026-04-17 03:03:49,508 - main - INFO - [HEALTH] DataFeeder=True | AlphaEngine=True | ExecRouter=True | SignalQ=0 | IOQ=0
2026-04-17 03:04:19,509 - main - INFO - [HEALTH] DataFeeder=True | AlphaEngine=True | ExecRouter=True | SignalQ=0 | IOQ=0
2026-04-17 03:04:49,509 - main - INFO - [HEALTH] DataFeeder=True | AlphaEngine=True | ExecRouter=True | SignalQ=0 | IOQ=0
2026-04-17 03:05:19,510 - main - INFO - [HEALTH] DataFeeder=True | AlphaEngine=True | ExecRouter=True | SignalQ=0 | IOQ=0
2026-04-17 03:05:49,511 - main - INFO - [HEALTH] DataFeeder=True | AlphaEngine=True | ExecRouter=True | SignalQ=0 | IOQ=0
2026-04-17 03:06:19,511 - main - INFO - [HEALTH] DataFeeder=True | AlphaEngine=True | ExecRouter=True | SignalQ=0 | IOQ=0
2026-04-17 03:06:49,512 - main - INFO - [HEALTH] DataFeeder=True | AlphaEngine=True | ExecRouter=True | SignalQ=0 | IOQ=0
2026-04-17 03:07:19,512 - main - INFO - [HEALTH] DataFeeder=True | AlphaEngine=True | ExecRouter=True | SignalQ=0 | IOQ=0
2026-04-17 03:07:49,513 - main - INFO - [HEALTH] DataFeeder=True | AlphaEngine=True | ExecRouter=True | SignalQ=0 | IOQ=0
2026-04-17 03:08:19,513 - main - INFO - [HEALTH] DataFeeder=True | AlphaEngine=True | ExecRouter=True | SignalQ=0 | IOQ=0
2026-04-17 03:08:49,514 - main - INFO - [HEALTH] DataFeeder=True | AlphaEngine=True | ExecRouter=True | SignalQ=0 | IOQ=0
2026-04-17 03:09:19,515 - main - INFO - [HEALTH] DataFeeder=True | AlphaEngine=True | ExecRouter=True | SignalQ=0 | IOQ=0
2026-04-17 03:09:49,515 - main - INFO - [HEALTH] DataFeeder=True | AlphaEngine=True | ExecRouter=True | SignalQ=0 | IOQ=0
2026-04-17 03:10:19,515 - main - INFO - [HEALTH] DataFeeder=True | AlphaEngine=True | ExecRouter=True | SignalQ=0 | IOQ=0
2026-04-17 03:10:49,516 - main - INFO - [HEALTH] DataFeeder=True | AlphaEngine=True | ExecRouter=True | SignalQ=0 | IOQ=0
2026-04-17 03:11:19,517 - main - INFO - [HEALTH] DataFeeder=True | AlphaEngine=True | ExecRouter=True | SignalQ=0 | IOQ=0
2026-04-17 03:11:49,517 - main - INFO - [HEALTH] DataFeeder=True | AlphaEngine=True | ExecRouter=True | SignalQ=0 | IOQ=0
2026-04-17 03:12:19,518 - main - INFO - [HEALTH] DataFeeder=True | AlphaEngine=True | ExecRouter=True | SignalQ=0 | IOQ=0
2026-04-17 03:12:49,518 - main - INFO - [HEALTH] DataFeeder=True | AlphaEngine=True | ExecRouter=True | SignalQ=0 | IOQ=0
2026-04-17 03:13:19,519 - main - INFO - [HEALTH] DataFeeder=True | AlphaEngine=True | ExecRouter=True | SignalQ=0 | IOQ=0
2026-04-17 03:13:49,519 - main - INFO - [HEALTH] DataFeeder=True | AlphaEngine=True | ExecRouter=True | SignalQ=0 | IOQ=0
2026-04-17 03:14:19,520 - main - INFO - [HEALTH] DataFeeder=True | AlphaEngine=True | ExecRouter=True | SignalQ=0 | IOQ=0
2026-04-17 03:14:49,521 - main - INFO - [HEALTH] DataFeeder=True | AlphaEngine=True | ExecRouter=True | SignalQ=0 | IOQ=0
2026-04-17 03:15:19,521 - main - INFO - [HEALTH] DataFeeder=True | AlphaEngine=True | ExecRouter=True | SignalQ=0 | IOQ=0
2026-04-17 03:15:49,521 - main - INFO - [HEALTH] DataFeeder=True | AlphaEngine=True | ExecRouter=True | SignalQ=0 | IOQ=0
